<?xml version="1.0" encoding="UTF-8"?>
<!-- Generated by org.testng.reporters.JUnitReportReporter -->
<testsuite skipped="0" hostname="ASDP1752PO02529" name="assignmnet6.Test.Testex" tests="2" failures="0" timestamp="03 Aug 2017 11:04:04 GMT" time="70.991" errors="0">
  <testcase name="test" time="35.470" classname="assignmnet6.Test.Testex"/>
  <testcase name="test" time="35.521" classname="assignmnet6.Test.Testex"/>
</testsuite> <!-- assignmnet6.Test.Testex -->
