<?xml version="1.0" encoding="UTF-8"?>
<!-- Generated by org.testng.reporters.JUnitReportReporter -->
<testsuite skipped="0" hostname="ASDP1752PO02529" name="assignmnet6.Test.TestExel" tests="2" failures="0" timestamp="03 Aug 2017 11:33:50 GMT" time="40.864" errors="0">
  <testcase name="VerifyInvalidLogin" time="20.729" classname="assignmnet6.Test.TestExel"/>
  <testcase name="VerifyInvalidLogin" time="20.135" classname="assignmnet6.Test.TestExel"/>
</testsuite> <!-- assignmnet6.Test.TestExel -->
